`open()` is deprecated in mongoose >= 4.11.0, use `openUri()` instead, or set the `useMongoClient` option if using `connect()` or `createConnection()`. See http://mongoosejs.com/docs/connections.html#use-mongo-client
events.js:141
      throw er; // Unhandled 'error' event
      ^

Error: listen EADDRINUSE :::2048
    at Object.exports._errnoException (util.js:870:11)
    at exports._exceptionWithHostPort (util.js:893:20)
    at Server._listen2 (net.js:1237:14)
    at listen (net.js:1273:10)
    at Server.listen (net.js:1369:5)
    at EventEmitter.listen (/home/ubuntu/node_modules/express/lib/application.js:618:24)
    at Object.<anonymous> (/home/ubuntu/app.js:33:18)
    at Module._compile (module.js:410:26)
    at Object.Module._extensions..js (module.js:417:10)
    at Module.load (module.js:344:32)
    at Function.Module._load (module.js:301:12)
    at Function.Module.runMain (module.js:442:10)
    at startup (node.js:136:18)
    at node.js:966:3
error: Forever detected script exited with code: 1
